<?xml version="1.0" encoding="UTF-8"?>
<!-- Generated by org.testng.reporters.JUnitReportReporter -->
<testsuite hostname="DESKTOP-U1NTV51" failures="0" tests="5" name="Testing_VM" time="0.023" errors="0" timestamp="2020-04-01T22:53:43 CDT" skipped="0">
  <testcase classname="Testing_VM" name="test5" time="0.000"/>
  <system-out/>
  <testcase classname="Testing_VM" name="test2" time="0.000"/>
  <system-out/>
  <testcase classname="Testing_VM" name="test4" time="0.015"/>
  <system-out/>
  <testcase classname="Testing_VM" name="test1" time="0.007"/>
  <system-out/>
  <testcase classname="Testing_VM" name="test3" time="0.001"/>
  <system-out/>
</testsuite> <!-- Testing_VM -->
