<?xml version="1.0" encoding="UTF-8"?>
<!-- Generated by org.testng.reporters.JUnitReportReporter -->
<testsuite hostname="DESKTOP-U1NTV51" failures="0" tests="5" name="Testing_VM" time="0.018" errors="0" timestamp="2020-04-02T00:01:35 CDT" skipped="0">
  <testcase classname="Testing_VM" name="test5" time="0.000"/>
  <system-out/>
  <testcase classname="Testing_VM" name="test2" time="0.000"/>
  <system-out/>
  <testcase classname="Testing_VM" name="test4" time="0.013"/>
  <system-out/>
  <testcase classname="Testing_VM" name="test1" time="0.004"/>
  <system-out/>
  <testcase classname="Testing_VM" name="test3" time="0.001"/>
  <system-out/>
</testsuite> <!-- Testing_VM -->
